{"/app/client/src/components/mentors/bookingUtils.ts": {"path":"/app/client/src/components/mentors/bookingUtils.ts","statementMap":{"0":{"start":{"line":23,"column":0},"end":{"line":23,"column":16}},"1":{"start":{"line":84,"column":0},"end":{"line":84,"column":16}},"2":{"start":{"line":94,"column":0},"end":{"line":94,"column":16}},"3":{"start":{"line":1,"column":0},"end":{"line":1,"column":78}},"4":{"start":{"line":31,"column":6},"end":{"line":31,"column":12}},"5":{"start":{"line":33,"column":2},"end":{"line":33,"column":31}},"6":{"start":{"line":33,"column":21},"end":{"line":33,"column":31}},"7":{"start":{"line":35,"column":20},"end":{"line":35,"column":41}},"8":{"start":{"line":36,"column":19},"end":{"line":36,"column":65}},"9":{"start":{"line":36,"column":39},"end":{"line":36,"column":64}},"10":{"start":{"line":37,"column":2},"end":{"line":37,"column":34}},"11":{"start":{"line":37,"column":24},"end":{"line":37,"column":34}},"12":{"start":{"line":39,"column":26},"end":{"line":39,"column":28}},"13":{"start":{"line":40,"column":2},"end":{"line":51,"column":5}},"14":{"start":{"line":41,"column":37},"end":{"line":41,"column":74}},"15":{"start":{"line":42,"column":33},"end":{"line":42,"column":68}},"16":{"start":{"line":43,"column":29},"end":{"line":43,"column":57}},"17":{"start":{"line":44,"column":27},"end":{"line":44,"column":51}},"18":{"start":{"line":46,"column":4},"end":{"line":50,"column":5}},"19":{"start":{"line":46,"column":23},"end":{"line":46,"column":39}},"20":{"start":{"line":47,"column":19},"end":{"line":47,"column":43}},"21":{"start":{"line":48,"column":21},"end":{"line":48,"column":33}},"22":{"start":{"line":49,"column":6},"end":{"line":49,"column":94}},"23":{"start":{"line":53,"column":19},"end":{"line":53,"column":44}},"24":{"start":{"line":54,"column":27},"end":{"line":54,"column":74}},"25":{"start":{"line":55,"column":16},"end":{"line":55,"column":29}},"26":{"start":{"line":57,"column":2},"end":{"line":81,"column":5}},"27":{"start":{"line":58,"column":27},"end":{"line":58,"column":54}},"28":{"start":{"line":59,"column":22},"end":{"line":59,"column":70}},"29":{"start":{"line":61,"column":4},"end":{"line":61,"column":71}},"30":{"start":{"line":61,"column":58},"end":{"line":61,"column":71}},"31":{"start":{"line":62,"column":20},"end":{"line":62,"column":54}},"32":{"start":{"line":65,"column":25},"end":{"line":72,"column":6}},"33":{"start":{"line":66,"column":47},"end":{"line":66,"column":84}},"34":{"start":{"line":67,"column":43},"end":{"line":67,"column":78}},"35":{"start":{"line":68,"column":27},"end":{"line":68,"column":63}},"36":{"start":{"line":69,"column":25},"end":{"line":69,"column":57}},"37":{"start":{"line":70,"column":6},"end":{"line":71,"column":69}},"38":{"start":{"line":73,"column":4},"end":{"line":73,"column":36}},"39":{"start":{"line":73,"column":23},"end":{"line":73,"column":36}},"40":{"start":{"line":76,"column":4},"end":{"line":80,"column":7}},"41":{"start":{"line":77,"column":26},"end":{"line":77,"column":50}},"42":{"start":{"line":78,"column":24},"end":{"line":78,"column":46}},"43":{"start":{"line":79,"column":6},"end":{"line":79,"column":60}},"44":{"start":{"line":85,"column":2},"end":{"line":85,"column":37}},"45":{"start":{"line":85,"column":28},"end":{"line":85,"column":37}},"46":{"start":{"line":86,"column":16},"end":{"line":86,"column":33}},"47":{"start":{"line":87,"column":14},"end":{"line":87,"column":29}},"48":{"start":{"line":88,"column":24},"end":{"line":88,"column":76}},"49":{"start":{"line":89,"column":2},"end":{"line":89,"column":67}},"50":{"start":{"line":89,"column":54},"end":{"line":89,"column":67}},"51":{"start":{"line":90,"column":2},"end":{"line":90,"column":57}},"52":{"start":{"line":95,"column":2},"end":{"line":95,"column":53}}},"fnMap":{"0":{"name":"buildAvailableTimesForDate","decl":{"start":{"line":23,"column":16},"end":{"line":23,"column":42}},"loc":{"start":{"line":23,"column":67},"end":{"line":82,"column":1}}},"1":{"name":"(anonymous_1)","decl":{"start":{"line":36,"column":32},"end":{"line":36,"column":33}},"loc":{"start":{"line":36,"column":39},"end":{"line":36,"column":64}}},"2":{"name":"(anonymous_2)","decl":{"start":{"line":40,"column":19},"end":{"line":40,"column":20}},"loc":{"start":{"line":40,"column":28},"end":{"line":51,"column":3}}},"3":{"name":"(anonymous_3)","decl":{"start":{"line":57,"column":22},"end":{"line":57,"column":23}},"loc":{"start":{"line":57,"column":31},"end":{"line":81,"column":3}}},"4":{"name":"(anonymous_4)","decl":{"start":{"line":65,"column":39},"end":{"line":65,"column":40}},"loc":{"start":{"line":65,"column":48},"end":{"line":72,"column":5}}},"5":{"name":"(anonymous_5)","decl":{"start":{"line":76,"column":29},"end":{"line":76,"column":30}},"loc":{"start":{"line":76,"column":40},"end":{"line":80,"column":5}}},"6":{"name":"deriveHourlyRate","decl":{"start":{"line":84,"column":16},"end":{"line":84,"column":32}},"loc":{"start":{"line":84,"column":97},"end":{"line":91,"column":1}}},"7":{"name":"atLocalDay","decl":{"start":{"line":94,"column":16},"end":{"line":94,"column":26}},"loc":{"start":{"line":94,"column":72},"end":{"line":96,"column":1}}}},"branchMap":{"0":{"loc":{"start":{"line":29,"column":4},"end":{"line":29,"column":20}},"type":"default-arg","locations":[{"start":{"line":29,"column":10},"end":{"line":29,"column":20}}]},"1":{"loc":{"start":{"line":30,"column":4},"end":{"line":30,"column":25}},"type":"default-arg","locations":[{"start":{"line":30,"column":23},"end":{"line":30,"column":25}}]},"2":{"loc":{"start":{"line":33,"column":2},"end":{"line":33,"column":31}},"type":"if","locations":[{"start":{"line":33,"column":2},"end":{"line":33,"column":31}},{"start":{},"end":{}}]},"3":{"loc":{"start":{"line":37,"column":2},"end":{"line":37,"column":34}},"type":"if","locations":[{"start":{"line":37,"column":2},"end":{"line":37,"column":34}},{"start":{},"end":{}}]},"4":{"loc":{"start":{"line":61,"column":4},"end":{"line":61,"column":71}},"type":"if","locations":[{"start":{"line":61,"column":4},"end":{"line":61,"column":71}},{"start":{},"end":{}}]},"5":{"loc":{"start":{"line":61,"column":8},"end":{"line":61,"column":56}},"type":"binary-expr","locations":[{"start":{"line":61,"column":8},"end":{"line":61,"column":24}},{"start":{"line":61,"column":28},"end":{"line":61,"column":56}}]},"6":{"loc":{"start":{"line":70,"column":13},"end":{"line":71,"column":68}},"type":"binary-expr","locations":[{"start":{"line":70,"column":13},"end":{"line":70,"column":79}},{"start":{"line":71,"column":8},"end":{"line":71,"column":68}}]},"7":{"loc":{"start":{"line":73,"column":4},"end":{"line":73,"column":36}},"type":"if","locations":[{"start":{"line":73,"column":4},"end":{"line":73,"column":36}},{"start":{},"end":{}}]},"8":{"loc":{"start":{"line":79,"column":13},"end":{"line":79,"column":59}},"type":"binary-expr","locations":[{"start":{"line":79,"column":13},"end":{"line":79,"column":34}},{"start":{"line":79,"column":38},"end":{"line":79,"column":59}}]},"9":{"loc":{"start":{"line":85,"column":2},"end":{"line":85,"column":37}},"type":"if","locations":[{"start":{"line":85,"column":2},"end":{"line":85,"column":37}},{"start":{},"end":{}}]},"10":{"loc":{"start":{"line":85,"column":6},"end":{"line":85,"column":26}},"type":"binary-expr","locations":[{"start":{"line":85,"column":6},"end":{"line":85,"column":12}},{"start":{"line":85,"column":16},"end":{"line":85,"column":26}}]},"11":{"loc":{"start":{"line":89,"column":2},"end":{"line":89,"column":67}},"type":"if","locations":[{"start":{"line":89,"column":2},"end":{"line":89,"column":67}},{"start":{},"end":{}}]},"12":{"loc":{"start":{"line":89,"column":6},"end":{"line":89,"column":52}},"type":"binary-expr","locations":[{"start":{"line":89,"column":6},"end":{"line":89,"column":30}},{"start":{"line":89,"column":34},"end":{"line":89,"column":52}}]}},"s":{"0":1,"1":1,"2":1,"3":1,"4":2,"5":2,"6":0,"7":2,"8":2,"9":2,"10":2,"11":0,"12":2,"13":2,"14":2,"15":2,"16":2,"17":2,"18":2,"19":2,"20":10,"21":10,"22":10,"23":2,"24":2,"25":2,"26":2,"27":10,"28":10,"29":10,"30":3,"31":7,"32":7,"33":7,"34":7,"35":7,"36":7,"37":7,"38":7,"39":2,"40":5,"41":3,"42":3,"43":3,"44":3,"45":2,"46":1,"47":1,"48":1,"49":1,"50":0,"51":1,"52":2},"f":{"0":2,"1":2,"2":2,"3":10,"4":7,"5":3,"6":3,"7":2},"b":{"0":[1],"1":[1],"2":[0,2],"3":[0,2],"4":[3,7],"5":[10,6],"6":[7,7],"7":[2,5],"8":[3,3],"9":[2,1],"10":[3,1],"11":[0,1],"12":[1,1]}}
,"/app/server/mentor-booking-utils.ts": {"path":"/app/server/mentor-booking-utils.ts","statementMap":{"0":{"start":{"line":16,"column":0},"end":{"line":16,"column":16}},"1":{"start":{"line":32,"column":0},"end":{"line":32,"column":16}},"2":{"start":{"line":54,"column":0},"end":{"line":54,"column":16}},"3":{"start":{"line":58,"column":0},"end":{"line":58,"column":16}},"4":{"start":{"line":11,"column":18},"end":{"line":14,"column":1}},"5":{"start":{"line":12,"column":27},"end":{"line":12,"column":55}},"6":{"start":{"line":13,"column":2},"end":{"line":13,"column":44}},"7":{"start":{"line":17,"column":21},"end":{"line":17,"column":56}},"8":{"start":{"line":18,"column":2},"end":{"line":20,"column":3}},"9":{"start":{"line":19,"column":4},"end":{"line":19,"column":69}},"10":{"start":{"line":21,"column":2},"end":{"line":23,"column":3}},"11":{"start":{"line":22,"column":4},"end":{"line":22,"column":64}},"12":{"start":{"line":24,"column":19},"end":{"line":24,"column":53}},"13":{"start":{"line":25,"column":17},"end":{"line":25,"column":49}},"14":{"start":{"line":26,"column":2},"end":{"line":28,"column":3}},"15":{"start":{"line":27,"column":4},"end":{"line":27,"column":71}},"16":{"start":{"line":29,"column":2},"end":{"line":29,"column":34}},"17":{"start":{"line":33,"column":2},"end":{"line":33,"column":34}},"18":{"start":{"line":33,"column":21},"end":{"line":33,"column":34}},"19":{"start":{"line":35,"column":21},"end":{"line":35,"column":37}},"20":{"start":{"line":36,"column":25},"end":{"line":36,"column":59}},"21":{"start":{"line":37,"column":23},"end":{"line":37,"column":69}},"22":{"start":{"line":38,"column":21},"end":{"line":38,"column":63}},"23":{"start":{"line":40,"column":2},"end":{"line":51,"column":5}},"24":{"start":{"line":41,"column":4},"end":{"line":46,"column":5}},"25":{"start":{"line":42,"column":26},"end":{"line":42,"column":80}},"26":{"start":{"line":43,"column":6},"end":{"line":43,"column":55}},"27":{"start":{"line":43,"column":42},"end":{"line":43,"column":55}},"28":{"start":{"line":44,"column":11},"end":{"line":46,"column":5}},"29":{"start":{"line":45,"column":6},"end":{"line":45,"column":19}},"30":{"start":{"line":48,"column":22},"end":{"line":48,"column":47}},"31":{"start":{"line":49,"column":20},"end":{"line":49,"column":43}},"32":{"start":{"line":50,"column":4},"end":{"line":50,"column":62}},"33":{"start":{"line":55,"column":2},"end":{"line":55,"column":88}},"34":{"start":{"line":55,"column":36},"end":{"line":55,"column":86}},"35":{"start":{"line":64,"column":16},"end":{"line":64,"column":89}},"36":{"start":{"line":65,"column":34},"end":{"line":65,"column":71}},"37":{"start":{"line":66,"column":28},"end":{"line":66,"column":107}},"38":{"start":{"line":67,"column":2},"end":{"line":70,"column":4}}},"fnMap":{"0":{"name":"(anonymous_0)","decl":{"start":{"line":11,"column":18},"end":{"line":11,"column":19}},"loc":{"start":{"line":11,"column":36},"end":{"line":14,"column":1}}},"1":{"name":"validateBookingWindow","decl":{"start":{"line":16,"column":16},"end":{"line":16,"column":37}},"loc":{"start":{"line":16,"column":82},"end":{"line":30,"column":1}}},"2":{"name":"isWithinAvailability","decl":{"start":{"line":32,"column":16},"end":{"line":32,"column":36}},"loc":{"start":{"line":32,"column":95},"end":{"line":52,"column":1}}},"3":{"name":"(anonymous_3)","decl":{"start":{"line":40,"column":20},"end":{"line":40,"column":21}},"loc":{"start":{"line":40,"column":29},"end":{"line":51,"column":3}}},"4":{"name":"hasOverlappingBooking","decl":{"start":{"line":54,"column":16},"end":{"line":54,"column":37}},"loc":{"start":{"line":54,"column":91},"end":{"line":56,"column":1}}},"5":{"name":"(anonymous_5)","decl":{"start":{"line":55,"column":23},"end":{"line":55,"column":24}},"loc":{"start":{"line":55,"column":36},"end":{"line":55,"column":86}}},"6":{"name":"getCompletionDeltas","decl":{"start":{"line":58,"column":16},"end":{"line":58,"column":35}},"loc":{"start":{"line":63,"column":1},"end":{"line":71,"column":1}}}},"branchMap":{"0":{"loc":{"start":{"line":13,"column":10},"end":{"line":13,"column":20}},"type":"binary-expr","locations":[{"start":{"line":13,"column":10},"end":{"line":13,"column":15}},{"start":{"line":13,"column":19},"end":{"line":13,"column":20}}]},"1":{"loc":{"start":{"line":13,"column":30},"end":{"line":13,"column":42}},"type":"binary-expr","locations":[{"start":{"line":13,"column":30},"end":{"line":13,"column":37}},{"start":{"line":13,"column":41},"end":{"line":13,"column":42}}]},"2":{"loc":{"start":{"line":16,"column":66},"end":{"line":16,"column":82}},"type":"default-arg","locations":[{"start":{"line":16,"column":72},"end":{"line":16,"column":82}}]},"3":{"loc":{"start":{"line":18,"column":2},"end":{"line":20,"column":3}},"type":"if","locations":[{"start":{"line":18,"column":2},"end":{"line":20,"column":3}},{"start":{},"end":{}}]},"4":{"loc":{"start":{"line":18,"column":6},"end":{"line":18,"column":53}},"type":"binary-expr","locations":[{"start":{"line":18,"column":6},"end":{"line":18,"column":34}},{"start":{"line":18,"column":38},"end":{"line":18,"column":53}}]},"5":{"loc":{"start":{"line":21,"column":2},"end":{"line":23,"column":3}},"type":"if","locations":[{"start":{"line":21,"column":2},"end":{"line":23,"column":3}},{"start":{},"end":{}}]},"6":{"loc":{"start":{"line":26,"column":2},"end":{"line":28,"column":3}},"type":"if","locations":[{"start":{"line":26,"column":2},"end":{"line":28,"column":3}},{"start":{},"end":{}}]},"7":{"loc":{"start":{"line":33,"column":2},"end":{"line":33,"column":34}},"type":"if","locations":[{"start":{"line":33,"column":2},"end":{"line":33,"column":34}},{"start":{},"end":{}}]},"8":{"loc":{"start":{"line":41,"column":4},"end":{"line":46,"column":5}},"type":"if","locations":[{"start":{"line":41,"column":4},"end":{"line":46,"column":5}},{"start":{"line":44,"column":11},"end":{"line":46,"column":5}}]},"9":{"loc":{"start":{"line":43,"column":6},"end":{"line":43,"column":55}},"type":"if","locations":[{"start":{"line":43,"column":6},"end":{"line":43,"column":55}},{"start":{},"end":{}}]},"10":{"loc":{"start":{"line":44,"column":11},"end":{"line":46,"column":5}},"type":"if","locations":[{"start":{"line":44,"column":11},"end":{"line":46,"column":5}},{"start":{},"end":{}}]},"11":{"loc":{"start":{"line":50,"column":11},"end":{"line":50,"column":61}},"type":"binary-expr","locations":[{"start":{"line":50,"column":11},"end":{"line":50,"column":36}},{"start":{"line":50,"column":40},"end":{"line":50,"column":61}}]},"12":{"loc":{"start":{"line":55,"column":36},"end":{"line":55,"column":86}},"type":"binary-expr","locations":[{"start":{"line":55,"column":36},"end":{"line":55,"column":59}},{"start":{"line":55,"column":63},"end":{"line":55,"column":86}}]},"13":{"loc":{"start":{"line":64,"column":16},"end":{"line":64,"column":89}},"type":"cond-expr","locations":[{"start":{"line":64,"column":54},"end":{"line":64,"column":85}},{"start":{"line":64,"column":88},"end":{"line":64,"column":89}}]},"14":{"loc":{"start":{"line":66,"column":28},"end":{"line":66,"column":107}},"type":"binary-expr","locations":[{"start":{"line":66,"column":28},"end":{"line":66,"column":67}},{"start":{"line":66,"column":71},"end":{"line":66,"column":107}}]},"15":{"loc":{"start":{"line":68,"column":22},"end":{"line":68,"column":53}},"type":"cond-expr","locations":[{"start":{"line":68,"column":48},"end":{"line":68,"column":49}},{"start":{"line":68,"column":52},"end":{"line":68,"column":53}}]},"16":{"loc":{"start":{"line":69,"column":23},"end":{"line":69,"column":52}},"type":"cond-expr","locations":[{"start":{"line":69,"column":43},"end":{"line":69,"column":48}},{"start":{"line":69,"column":51},"end":{"line":69,"column":52}}]}},"s":{"0":1,"1":1,"2":1,"3":1,"4":1,"5":6,"6":6,"7":4,"8":4,"9":1,"10":3,"11":1,"12":2,"13":2,"14":2,"15":1,"16":1,"17":3,"18":0,"19":3,"20":3,"21":3,"22":3,"23":3,"24":3,"25":1,"26":1,"27":0,"28":2,"29":0,"30":3,"31":3,"32":3,"33":2,"34":2,"35":3,"36":3,"37":3,"38":3},"f":{"0":6,"1":4,"2":3,"3":3,"4":2,"5":2,"6":3},"b":{"0":[6,0],"1":[6,6],"2":[0],"3":[1,3],"4":[4,4],"5":[1,2],"6":[1,1],"7":[0,3],"8":[1,2],"9":[0,1],"10":[0,2],"11":[3,2],"12":[2,2],"13":[3,0],"14":[3,2],"15":[1,2],"16":[2,1]}}
,"/app/server/mock-exam-scoring.ts": {"path":"/app/server/mock-exam-scoring.ts","statementMap":{"0":{"start":{"line":37,"column":0},"end":{"line":37,"column":16}},"1":{"start":{"line":60,"column":0},"end":{"line":60,"column":16}},"2":{"start":{"line":42,"column":22},"end":{"line":42,"column":54}},"3":{"start":{"line":43,"column":2},"end":{"line":56,"column":3}},"4":{"start":{"line":44,"column":4},"end":{"line":44,"column":57}},"5":{"start":{"line":44,"column":48},"end":{"line":44,"column":57}},"6":{"start":{"line":45,"column":4},"end":{"line":45,"column":56}},"7":{"start":{"line":45,"column":47},"end":{"line":45,"column":56}},"8":{"start":{"line":47,"column":6},"end":{"line":47,"column":68}},"9":{"start":{"line":48,"column":4},"end":{"line":54,"column":5}},"10":{"start":{"line":52,"column":6},"end":{"line":52,"column":70}},"11":{"start":{"line":53,"column":6},"end":{"line":53,"column":15}},"12":{"start":{"line":55,"column":4},"end":{"line":55,"column":62}},"13":{"start":{"line":57,"column":2},"end":{"line":57,"column":21}},"14":{"start":{"line":67,"column":21},"end":{"line":67,"column":22}},"15":{"start":{"line":68,"column":19},"end":{"line":68,"column":20}},"16":{"start":{"line":69,"column":24},"end":{"line":69,"column":25}},"17":{"start":{"line":70,"column":19},"end":{"line":70,"column":20}},"18":{"start":{"line":71,"column":25},"end":{"line":71,"column":26}},"19":{"start":{"line":73,"column":46},"end":{"line":73,"column":48}},"20":{"start":{"line":74,"column":52},"end":{"line":74,"column":54}},"21":{"start":{"line":76,"column":2},"end":{"line":129,"column":3}},"22":{"start":{"line":77,"column":14},"end":{"line":77,"column":46}},"23":{"start":{"line":78,"column":21},"end":{"line":82,"column":6}},"24":{"start":{"line":84,"column":4},"end":{"line":102,"column":5}},"25":{"start":{"line":85,"column":6},"end":{"line":85,"column":27}},"26":{"start":{"line":86,"column":6},"end":{"line":86,"column":40}},"27":{"start":{"line":87,"column":31},"end":{"line":87,"column":63}},"28":{"start":{"line":88,"column":6},"end":{"line":95,"column":9}},"29":{"start":{"line":96,"column":6},"end":{"line":100,"column":7}},"30":{"start":{"line":97,"column":8},"end":{"line":97,"column":45}},"31":{"start":{"line":98,"column":8},"end":{"line":99,"column":64}},"32":{"start":{"line":101,"column":6},"end":{"line":101,"column":15}},"33":{"start":{"line":105,"column":6},"end":{"line":107,"column":16}},"34":{"start":{"line":108,"column":4},"end":{"line":114,"column":5}},"35":{"start":{"line":109,"column":6},"end":{"line":109,"column":24}},"36":{"start":{"line":110,"column":6},"end":{"line":110,"column":37}},"37":{"start":{"line":112,"column":6},"end":{"line":112,"column":22}},"38":{"start":{"line":113,"column":6},"end":{"line":113,"column":39}},"39":{"start":{"line":116,"column":22},"end":{"line":116,"column":53}},"40":{"start":{"line":117,"column":4},"end":{"line":117,"column":34}},"41":{"start":{"line":118,"column":4},"end":{"line":119,"column":53}},"42":{"start":{"line":121,"column":4},"end":{"line":128,"column":7}},"43":{"start":{"line":131,"column":2},"end":{"line":139,"column":4}}},"fnMap":{"0":{"name":"sanitizeResponses","decl":{"start":{"line":37,"column":16},"end":{"line":37,"column":33}},"loc":{"start":{"line":40,"column":50},"end":{"line":58,"column":1}}},"1":{"name":"scoreResponses","decl":{"start":{"line":60,"column":16},"end":{"line":60,"column":30}},"loc":{"start":{"line":65,"column":54},"end":{"line":140,"column":1}}}},"branchMap":{"0":{"loc":{"start":{"line":43,"column":18},"end":{"line":43,"column":38}},"type":"binary-expr","locations":[{"start":{"line":43,"column":18},"end":{"line":43,"column":32}},{"start":{"line":43,"column":36},"end":{"line":43,"column":38}}]},"1":{"loc":{"start":{"line":44,"column":4},"end":{"line":44,"column":57}},"type":"if","locations":[{"start":{"line":44,"column":4},"end":{"line":44,"column":57}},{"start":{},"end":{}}]},"2":{"loc":{"start":{"line":44,"column":8},"end":{"line":44,"column":46}},"type":"binary-expr","locations":[{"start":{"line":44,"column":8},"end":{"line":44,"column":10}},{"start":{"line":44,"column":14},"end":{"line":44,"column":46}}]},"3":{"loc":{"start":{"line":45,"column":4},"end":{"line":45,"column":56}},"type":"if","locations":[{"start":{"line":45,"column":4},"end":{"line":45,"column":56}},{"start":{},"end":{}}]},"4":{"loc":{"start":{"line":47,"column":6},"end":{"line":47,"column":68}},"type":"cond-expr","locations":[{"start":{"line":47,"column":35},"end":{"line":47,"column":61}},{"start":{"line":47,"column":64},"end":{"line":47,"column":68}}]},"5":{"loc":{"start":{"line":48,"column":4},"end":{"line":54,"column":5}},"type":"if","locations":[{"start":{"line":48,"column":4},"end":{"line":54,"column":5}},{"start":{},"end":{}}]},"6":{"loc":{"start":{"line":49,"column":6},"end":{"line":50,"column":63}},"type":"binary-expr","locations":[{"start":{"line":49,"column":6},"end":{"line":49,"column":22}},{"start":{"line":50,"column":6},"end":{"line":50,"column":63}}]},"7":{"loc":{"start":{"line":78,"column":21},"end":{"line":82,"column":6}},"type":"binary-expr","locations":[{"start":{"line":78,"column":21},"end":{"line":78,"column":49}},{"start":{"line":78,"column":53},"end":{"line":82,"column":6}}]},"8":{"loc":{"start":{"line":84,"column":4},"end":{"line":102,"column":5}},"type":"if","locations":[{"start":{"line":84,"column":4},"end":{"line":102,"column":5}},{"start":{},"end":{}}]},"9":{"loc":{"start":{"line":84,"column":8},"end":{"line":84,"column":33}},"type":"binary-expr","locations":[{"start":{"line":84,"column":8},"end":{"line":84,"column":10}},{"start":{"line":84,"column":14},"end":{"line":84,"column":33}}]},"10":{"loc":{"start":{"line":87,"column":31},"end":{"line":87,"column":63}},"type":"binary-expr","locations":[{"start":{"line":87,"column":31},"end":{"line":87,"column":58}},{"start":{"line":87,"column":62},"end":{"line":87,"column":63}}]},"11":{"loc":{"start":{"line":96,"column":6},"end":{"line":100,"column":7}},"type":"if","locations":[{"start":{"line":96,"column":6},"end":{"line":100,"column":7}},{"start":{},"end":{}}]},"12":{"loc":{"start":{"line":99,"column":11},"end":{"line":99,"column":43}},"type":"binary-expr","locations":[{"start":{"line":99,"column":11},"end":{"line":99,"column":38}},{"start":{"line":99,"column":42},"end":{"line":99,"column":43}}]},"13":{"loc":{"start":{"line":105,"column":6},"end":{"line":107,"column":16}},"type":"binary-expr","locations":[{"start":{"line":105,"column":6},"end":{"line":106,"column":null}},{"start":{"line":107,"column":11},"end":{"line":107,"column":16}}]},"14":{"loc":{"start":{"line":108,"column":4},"end":{"line":114,"column":5}},"type":"if","locations":[{"start":{"line":108,"column":4},"end":{"line":114,"column":5}},{"start":{"line":111,"column":11},"end":{"line":114,"column":5}}]},"15":{"loc":{"start":{"line":116,"column":22},"end":{"line":116,"column":53}},"type":"binary-expr","locations":[{"start":{"line":116,"column":22},"end":{"line":116,"column":48}},{"start":{"line":116,"column":52},"end":{"line":116,"column":53}}]},"16":{"loc":{"start":{"line":119,"column":7},"end":{"line":119,"column":39}},"type":"binary-expr","locations":[{"start":{"line":119,"column":7},"end":{"line":119,"column":34}},{"start":{"line":119,"column":38},"end":{"line":119,"column":39}}]}},"s":{"0":2,"1":2,"2":4,"3":4,"4":8,"5":0,"6":8,"7":1,"8":7,"9":7,"10":2,"11":2,"12":5,"13":4,"14":3,"15":3,"16":3,"17":3,"18":3,"19":3,"20":3,"21":3,"22":7,"23":7,"24":7,"25":2,"26":2,"27":2,"28":2,"29":2,"30":1,"31":1,"32":2,"33":5,"34":5,"35":4,"36":4,"37":1,"38":1,"39":5,"40":5,"41":5,"42":5,"43":3},"f":{"0":4,"1":3},"b":{"0":[4,0],"1":[0,8],"2":[8,8],"3":[1,7],"4":[7,0],"5":[2,5],"6":[7,7],"7":[7,0],"8":[2,5],"9":[7,6],"10":[2,1],"11":[1,1],"12":[1,0],"13":[5,1],"14":[4,1],"15":[5,0],"16":[5,4]}}
}
