TN:
SF:client/src/components/mentors/bookingUtils.ts
FN:23,buildAvailableTimesForDate
FN:36,(anonymous_1)
FN:40,(anonymous_2)
FN:57,(anonymous_3)
FN:65,(anonymous_4)
FN:76,(anonymous_5)
FN:84,deriveHourlyRate
FN:94,atLocalDay
FNF:8
FNH:8
FNDA:2,buildAvailableTimesForDate
FNDA:2,(anonymous_1)
FNDA:2,(anonymous_2)
FNDA:10,(anonymous_3)
FNDA:7,(anonymous_4)
FNDA:3,(anonymous_5)
FNDA:3,deriveHourlyRate
FNDA:2,atLocalDay
DA:1,1
DA:23,1
DA:31,2
DA:33,2
DA:35,2
DA:36,2
DA:37,2
DA:39,2
DA:40,2
DA:41,2
DA:42,2
DA:43,2
DA:44,2
DA:46,2
DA:47,10
DA:48,10
DA:49,10
DA:53,2
DA:54,2
DA:55,2
DA:57,2
DA:58,10
DA:59,10
DA:61,10
DA:62,7
DA:65,7
DA:66,7
DA:67,7
DA:68,7
DA:69,7
DA:70,7
DA:73,7
DA:76,5
DA:77,3
DA:78,3
DA:79,3
DA:84,1
DA:85,3
DA:86,1
DA:87,1
DA:88,1
DA:89,1
DA:90,1
DA:94,1
DA:95,2
LF:45
LH:45
BRDA:29,0,0,1
BRDA:30,1,0,1
BRDA:33,2,0,0
BRDA:33,2,1,2
BRDA:37,3,0,0
BRDA:37,3,1,2
BRDA:61,4,0,3
BRDA:61,4,1,7
BRDA:61,5,0,10
BRDA:61,5,1,6
BRDA:70,6,0,7
BRDA:70,6,1,7
BRDA:73,7,0,2
BRDA:73,7,1,5
BRDA:79,8,0,3
BRDA:79,8,1,3
BRDA:85,9,0,2
BRDA:85,9,1,1
BRDA:85,10,0,3
BRDA:85,10,1,1
BRDA:89,11,0,0
BRDA:89,11,1,1
BRDA:89,12,0,1
BRDA:89,12,1,1
BRF:24
BRH:21
end_of_record
TN:
SF:server/mentor-booking-utils.ts
FN:11,(anonymous_0)
FN:16,validateBookingWindow
FN:32,isWithinAvailability
FN:40,(anonymous_3)
FN:54,hasOverlappingBooking
FN:55,(anonymous_5)
FN:58,getCompletionDeltas
FNF:7
FNH:7
FNDA:6,(anonymous_0)
FNDA:4,validateBookingWindow
FNDA:3,isWithinAvailability
FNDA:3,(anonymous_3)
FNDA:2,hasOverlappingBooking
FNDA:2,(anonymous_5)
FNDA:3,getCompletionDeltas
DA:11,1
DA:12,6
DA:13,6
DA:16,1
DA:17,4
DA:18,4
DA:19,1
DA:21,3
DA:22,1
DA:24,2
DA:25,2
DA:26,2
DA:27,1
DA:29,1
DA:32,1
DA:33,3
DA:35,3
DA:36,3
DA:37,3
DA:38,3
DA:40,3
DA:41,3
DA:42,1
DA:43,1
DA:44,2
DA:45,0
DA:48,3
DA:49,3
DA:50,3
DA:54,1
DA:55,2
DA:58,1
DA:64,3
DA:65,3
DA:66,3
DA:67,3
LF:36
LH:35
BRDA:13,0,0,6
BRDA:13,0,1,0
BRDA:13,1,0,6
BRDA:13,1,1,6
BRDA:16,2,0,0
BRDA:18,3,0,1
BRDA:18,3,1,3
BRDA:18,4,0,4
BRDA:18,4,1,4
BRDA:21,5,0,1
BRDA:21,5,1,2
BRDA:26,6,0,1
BRDA:26,6,1,1
BRDA:33,7,0,0
BRDA:33,7,1,3
BRDA:41,8,0,1
BRDA:41,8,1,2
BRDA:43,9,0,0
BRDA:43,9,1,1
BRDA:44,10,0,0
BRDA:44,10,1,2
BRDA:50,11,0,3
BRDA:50,11,1,2
BRDA:55,12,0,2
BRDA:55,12,1,2
BRDA:64,13,0,3
BRDA:64,13,1,0
BRDA:66,14,0,3
BRDA:66,14,1,2
BRDA:68,15,0,1
BRDA:68,15,1,2
BRDA:69,16,0,2
BRDA:69,16,1,1
BRF:33
BRH:27
end_of_record
TN:
SF:server/mock-exam-scoring.ts
FN:37,sanitizeResponses
FN:60,scoreResponses
FNF:2
FNH:2
FNDA:4,sanitizeResponses
FNDA:3,scoreResponses
DA:37,2
DA:42,4
DA:43,4
DA:44,8
DA:45,8
DA:47,7
DA:48,7
DA:52,2
DA:53,2
DA:55,5
DA:57,4
DA:60,2
DA:67,3
DA:68,3
DA:69,3
DA:70,3
DA:71,3
DA:73,3
DA:74,3
DA:76,3
DA:77,7
DA:78,7
DA:84,7
DA:85,2
DA:86,2
DA:87,2
DA:88,2
DA:96,2
DA:97,1
DA:98,1
DA:101,2
DA:105,5
DA:108,5
DA:109,4
DA:110,4
DA:112,1
DA:113,1
DA:116,5
DA:117,5
DA:118,5
DA:121,5
DA:131,3
LF:42
LH:42
BRDA:43,0,0,4
BRDA:43,0,1,0
BRDA:44,1,0,0
BRDA:44,1,1,8
BRDA:44,2,0,8
BRDA:44,2,1,8
BRDA:45,3,0,1
BRDA:45,3,1,7
BRDA:47,4,0,7
BRDA:47,4,1,0
BRDA:48,5,0,2
BRDA:48,5,1,5
BRDA:49,6,0,7
BRDA:49,6,1,7
BRDA:78,7,0,7
BRDA:78,7,1,0
BRDA:84,8,0,2
BRDA:84,8,1,5
BRDA:84,9,0,7
BRDA:84,9,1,6
BRDA:87,10,0,2
BRDA:87,10,1,1
BRDA:96,11,0,1
BRDA:96,11,1,1
BRDA:99,12,0,1
BRDA:99,12,1,0
BRDA:105,13,0,5
BRDA:105,13,1,1
BRDA:108,14,0,4
BRDA:108,14,1,1
BRDA:116,15,0,5
BRDA:116,15,1,0
BRDA:119,16,0,5
BRDA:119,16,1,4
BRF:34
BRH:28
end_of_record
